0 info it worked if it ends with ok
1 verbose cli [ 'D:\\Program Files (x86)\\nodejs\\\\node.exe',
1 verbose cli   'D:\\Program Files (x86)\\nodejs\\node_modules\\npm\\bin\\npm-cli.js',
1 verbose cli   'install',
1 verbose cli   '-g',
1 verbose cli   'n' ]
2 info using npm@1.4.14
3 info using node@v0.10.29
4 verbose node symlink D:\Program Files (x86)\nodejs\\node.exe
5 verbose cache add [ 'n', null ]
6 verbose cache add name=undefined spec="n" args=["n",null]
7 verbose parsed url { protocol: null,
7 verbose parsed url   slashes: null,
7 verbose parsed url   auth: null,
7 verbose parsed url   host: null,
7 verbose parsed url   port: null,
7 verbose parsed url   hostname: null,
7 verbose parsed url   hash: null,
7 verbose parsed url   search: null,
7 verbose parsed url   query: null,
7 verbose parsed url   pathname: 'n',
7 verbose parsed url   path: 'n',
7 verbose parsed url   href: 'n' }
8 silly lockFile d1854cae-n n
9 verbose lock n C:\Users\Administrator\AppData\Roaming\npm-cache\d1854cae-n.lock
10 silly lockFile d1854cae-n n
11 silly lockFile d1854cae-n n
12 verbose addNamed [ 'n', '' ]
13 verbose addNamed [ null, '*' ]
14 silly lockFile 6b58d7dc-n n@
15 verbose lock n@ C:\Users\Administrator\AppData\Roaming\npm-cache\6b58d7dc-n.lock
16 silly addNameRange { name: 'n', range: '*', hasData: false }
17 verbose url raw n
18 verbose url resolving [ 'https://registry.npm.taobao.org/', './n' ]
19 verbose url resolved https://registry.npm.taobao.org/n
20 info trying registry request attempt 1 at 22:54:59
21 verbose etag "11b49-6etJhwglWXMdCO1PEc9B6Q"
22 http GET https://registry.npm.taobao.org/n
23 http 304 https://registry.npm.taobao.org/n
24 silly registry.get cb [ 304,
24 silly registry.get   { date: 'Sun, 06 Mar 2016 14:57:21 GMT',
24 silly registry.get     connection: 'keep-alive',
24 silly registry.get     etag: '"11b49-6etJhwglWXMdCO1PEc9B6Q"',
24 silly registry.get     'x-readtime': '54' } ]
25 verbose etag n from cache
26 silly addNameRange number 2 { name: 'n', range: '*', hasData: true }
27 silly addNameRange versions [ 'n',
27 silly addNameRange   [ '2.1.0',
27 silly addNameRange     '2.0.2',
27 silly addNameRange     '1.4.2',
27 silly addNameRange     '2.0.1',
27 silly addNameRange     '1.4.1',
27 silly addNameRange     '2.0.0',
27 silly addNameRange     '1.4.0',
27 silly addNameRange     '1.3.0',
27 silly addNameRange     '1.2.14',
27 silly addNameRange     '1.2.13',
27 silly addNameRange     '1.2.11',
27 silly addNameRange     '1.2.9',
27 silly addNameRange     '1.2.8',
27 silly addNameRange     '1.2.7',
27 silly addNameRange     '1.2.6',
27 silly addNameRange     '1.2.5',
27 silly addNameRange     '1.2.4',
27 silly addNameRange     '1.2.3',
27 silly addNameRange     '1.2.2',
27 silly addNameRange     '1.2.1',
27 silly addNameRange     '1.1.0',
27 silly addNameRange     '1.0.0',
27 silly addNameRange     '0.9.3',
27 silly addNameRange     '0.9.2',
27 silly addNameRange     '0.9.1',
27 silly addNameRange     '0.9.0',
27 silly addNameRange     '0.8.2',
27 silly addNameRange     '0.8.1',
27 silly addNameRange     '0.8.0',
27 silly addNameRange     '0.7.3',
27 silly addNameRange     '0.7.2',
27 silly addNameRange     '0.7.1',
27 silly addNameRange     '0.7.0',
27 silly addNameRange     '0.6.1',
27 silly addNameRange     '0.6.0',
27 silly addNameRange     '0.5.4',
27 silly addNameRange     '0.5.3',
27 silly addNameRange     '0.5.2',
27 silly addNameRange     '0.5.1',
27 silly addNameRange     '0.5.0',
27 silly addNameRange     '0.4.2',
27 silly addNameRange     '0.4.1',
27 silly addNameRange     '0.4.0',
27 silly addNameRange     '0.3.0',
27 silly addNameRange     '0.2.2',
27 silly addNameRange     '0.2.1',
27 silly addNameRange     '0.2.0',
27 silly addNameRange     '0.1.2',
27 silly addNameRange     '0.1.1',
27 silly addNameRange     '0.1.0',
27 silly addNameRange     '0.0.4',
27 silly addNameRange     '0.0.3',
27 silly addNameRange     '0.0.2',
27 silly addNameRange     '0.0.1' ] ]
28 verbose addNamed [ 'n', '2.1.0' ]
29 verbose addNamed [ '2.1.0', '2.1.0' ]
30 silly lockFile 0a8123fc-n-2-1-0 n@2.1.0
31 verbose lock n@2.1.0 C:\Users\Administrator\AppData\Roaming\npm-cache\0a8123fc-n-2-1-0.lock
32 silly lockFile 0a8123fc-n-2-1-0 n@2.1.0
33 silly lockFile 0a8123fc-n-2-1-0 n@2.1.0
34 silly lockFile 6b58d7dc-n n@
35 silly lockFile 6b58d7dc-n n@
36 silly resolved [ { name: 'n',
36 silly resolved     description: 'Interactively Manage All Your Node Versions',
36 silly resolved     version: '2.1.0',
36 silly resolved     author: { name: 'TJ Holowaychuk', email: 'tj@vision-media.ca' },
36 silly resolved     homepage: 'https://github.com/tj/n',
36 silly resolved     bugs: { url: 'https://github.com/tj/n/issues' },
36 silly resolved     contributors: [ [Object], [Object], [Object] ],
36 silly resolved     keywords:
36 silly resolved      [ 'nvm',
36 silly resolved        'node',
36 silly resolved        'version',
36 silly resolved        'manager',
36 silly resolved        'switcher',
36 silly resolved        'node',
36 silly resolved        'binary',
36 silly resolved        'env' ],
36 silly resolved     bin: { n: './bin/n' },
36 silly resolved     repository: { type: 'git', url: 'git://github.com/tj/n.git' },
36 silly resolved     preferGlobal: true,
36 silly resolved     os: [ '!win32' ],
36 silly resolved     engines: { node: '*' },
36 silly resolved     license: 'MIT',
36 silly resolved     gitHead: '17ef0bf936c9ddb57b174d79f81ae04d8257883e',
36 silly resolved     _id: 'n@2.1.0',
36 silly resolved     scripts: {},
36 silly resolved     _shasum: '4fc736dc18291e464c79fda9ef8faf21e6e1a679',
36 silly resolved     _from: 'n@',
36 silly resolved     _npmVersion: '3.3.12',
36 silly resolved     _nodeVersion: '5.3.0',
36 silly resolved     _npmUser: { name: 'qw3rtman', email: 'me@nimit.io' },
36 silly resolved     dist:
36 silly resolved      { shasum: '4fc736dc18291e464c79fda9ef8faf21e6e1a679',
36 silly resolved        size: 7795,
36 silly resolved        noattachment: false,
36 silly resolved        tarball: 'http://registry.npm.taobao.org/n/download/n-2.1.0.tgz' },
36 silly resolved     maintainers: [ [Object], [Object], [Object], [Object], [Object], [Object] ],
36 silly resolved     directories: {},
36 silly resolved     publish_time: 1451417542734,
36 silly resolved     _cnpm_publish_time: 1451417542734,
36 silly resolved     _resolved: 'https://registry.npm.taobao.org/n/download/n-2.1.0.tgz',
36 silly resolved     readme: 'ERROR: No README data found!' } ]
37 info install n@2.1.0 into C:\Users\Administrator\AppData\Roaming\npm
38 info installOne n@2.1.0
39 error notsup Unsupported
39 error notsup Not compatible with your operating system or architecture: n@2.1.0
39 error notsup Valid OS:    !win32
39 error notsup Valid Arch:  any
39 error notsup Actual OS:   win32
39 error notsup Actual Arch: ia32
40 error System Windows_NT 6.1.7601
41 error command "D:\\Program Files (x86)\\nodejs\\\\node.exe" "D:\\Program Files (x86)\\nodejs\\node_modules\\npm\\bin\\npm-cli.js" "install" "-g" "n"
42 error cwd C:\Users\Administrator\Desktop\sunnyui_mobile
43 error node -v v0.10.29
44 error npm -v 1.4.14
45 error code EBADPLATFORM
46 verbose exit [ 1, true ]
